[35m[Appium][39m Welcome to Appium v1.22.3
[35m[Appium][39m Non-default server args:
[35m[Appium][39m   port: 59345
[35m[Appium][39m   loglevel: info
[35m[Appium][39m   tmpDir: C:\Users\095046\AppData\Local\Temp\\Katalon\Appium\Temp1657507668897
[35m[Appium][39m   chromedriverPort: 59346
[35m[Appium][39m Deprecated server args:
[35m[Appium][39m   [31m--chromedriver-port[39m => --default-capabilities
[35m[Appium][39m Default capabilities, which will be added to each request unless overridden by desired capabilities:
[35m[Appium][39m   chromedriverPort: 59346
[35m[Appium][39m Appium REST http interface listener started on 0.0.0.0:59345
[35m[HTTP][39m [37m-->[39m [37mGET[39m [37m/wd/hub/status[39m
[35m[HTTP][39m [90m{}[39m
[35m[HTTP][39m [37m<-- GET /wd/hub/status [39m[32m200[39m [90m9 ms - 68[39m
[35m[HTTP][39m [90m[39m
[35m[HTTP][39m [37m-->[39m [37mGET[39m [37m/wd/hub/status[39m
[35m[HTTP][39m [90m{}[39m
[35m[HTTP][39m [37m<-- GET /wd/hub/status [39m[32m200[39m [90m1 ms - 68[39m
[35m[HTTP][39m [90m[39m
[35m[HTTP][39m [37m-->[39m [37mPOST[39m [37m/wd/hub/session[39m
[35m[HTTP][39m [90m{"desiredCapabilities":{"appActivity":".Settings","appPackage":"com.android.settings","newCommandTimeout":1800,"platformVersion":"6.0","autoGrantPermissions":true,"platformName":"Android","udid":"192.168.229.101:5555","deviceName":" Google Nexus 5X (Android 6.0)","platform":"ANDROID","systemPort":8237},"capabilities":{"firstMatch":[{"appium:appActivity":".Settings","appium:appPackage":"com.android.settings","appium:autoGrantPermissions":true,"appium:deviceName":" Google Nexus 5X (Android 6.0)","appium:newCommandTimeout":1800,"platform":"ANDROID","platformName":"android","appium:platformVersion":"6.0","appium:systemPort":8237,"appium:udid":"192.168.229.101:5555"}]}}[39m
[35m[BaseDriver][39m The following capabilities are not standard capabilities and should have an extension prefix:
[35m[BaseDriver][39m   platform
[35m[BaseDriver][39m   chromedriverPort
[35m[Appium][39m 
[35m[Appium][39m ======================================================================
[35m[Appium][39m   DEPRECATION WARNING:
[35m[Appium][39m 
[35m[Appium][39m   The 'automationName' capability was not provided in the desired 
[35m[Appium][39m   capabilities for this Android session
[35m[Appium][39m 
[35m[Appium][39m   Setting 'automationName=UiAutomator2' by default and using the 
[35m[Appium][39m   UiAutomator2 Driver
[35m[Appium][39m 
[35m[Appium][39m   The next major version of Appium (2.x) will **require** the 
[35m[Appium][39m   'automationName' capability to be set for all sessions on all 
[35m[Appium][39m   platforms
[35m[Appium][39m 
[35m[Appium][39m   In previous versions (Appium <= 1.13.x), the default was 
[35m[Appium][39m   'automationName=UiAutomator1'
[35m[Appium][39m 
[35m[Appium][39m   If you wish to use that automation instead of UiAutomator2, please 
[35m[Appium][39m   add 'automationName=UiAutomator1' to your desired capabilities
[35m[Appium][39m 
[35m[Appium][39m   For more information about drivers, please visit 
[35m[Appium][39m   http://appium.io/docs/en/about-appium/intro/ and explore the 
[35m[Appium][39m   'Drivers' menu
[35m[Appium][39m 
[35m[Appium][39m ======================================================================
[35m[Appium][39m 
[35m[Appium][39m Appium v1.22.3 creating new AndroidUiautomator2Driver (v1.70.1) session
[35m[BaseDriver][39m The following capabilities were provided, but are not recognized by Appium:
[35m[BaseDriver][39m   platform
[35m[BaseDriver][39m Session created with session id: f1ba7e7a-600d-44ae-a88e-8caab6cf9bf9
[35m[UiAutomator2][39m Starting 'com.android.settings' directly on the device
[35m[ADB][39m Found 1 'build-tools' folders under 'C:\Users\095046\.katalon\tools\android_sdk' (newest first):
[35m[ADB][39m     C:/Users/095046/.katalon/tools/android_sdk/build-tools/29.0.3
[35m[ADB][39m Using 'adb.exe' from 'C:\Users\095046\.katalon\tools\android_sdk\platform-tools\adb.exe'
[35m[AndroidDriver][39m Retrieving device list
[35m[AndroidDriver][39m Using device: 192.168.229.101:5555
[35m[ADB][39m Using 'adb.exe' from 'C:\Users\095046\.katalon\tools\android_sdk\platform-tools\adb.exe'
[35m[AndroidDriver][39m No app sent in, not parsing package/activity
[35m[ADB][39m Using 'apksigner.jar' from 'C:\Users\095046\.katalon\tools\android_sdk\build-tools\29.0.3\lib\apksigner.jar'
[35m[ADB][39m 'C:\Users\095046\AppData\Roaming\npm\node_modules\appium\node_modules\appium-uiautomator2-server\apks\appium-uiautomator2-server-v4.27.0.apk' is signed with the default certificate
[35m[ADB][39m 'C:\Users\095046\AppData\Roaming\npm\node_modules\appium\node_modules\appium-uiautomator2-server\apks\appium-uiautomator2-server-debug-androidTest.apk' is signed with the default certificate
[35m[UiAutomator2][39m Server packages are not going to be (re)installed
[35m[ADB][39m Adding packages ["io.appium.settings","io.appium.uiautomator2.server","io.appium.uiautomator2.server.test"] to Doze whitelist
[35m[UiAutomator2][39m Starting UIAutomator2 server 4.27.0
[35m[UiAutomator2][39m Using UIAutomator2 server from 'C:\Users\095046\AppData\Roaming\npm\node_modules\appium\node_modules\appium-uiautomator2-server\apks\appium-uiautomator2-server-v4.27.0.apk' and test from 'C:\Users\095046\AppData\Roaming\npm\node_modules\appium\node_modules\appium-uiautomator2-server\apks\appium-uiautomator2-server-debug-androidTest.apk'
[35m[UiAutomator2][39m Waiting up to 30000ms for UiAutomator2 to be online...
[35m[WD Proxy][39m socket hang up
[35m[WD Proxy][39m socket hang up
[35m[WD Proxy][39m socket hang up
[35m[WD Proxy][39m Determined the downstream protocol as 'W3C'
[35m[AndroidDriver][39m Screen already unlocked, doing nothing
[35m[UiAutomator2][39m Starting 'com.android.settings/.Settings and waiting for 'com.android.settings/.Settings'
[35m[Appium][39m New AndroidUiautomator2Driver session created successfully, session f1ba7e7a-600d-44ae-a88e-8caab6cf9bf9 added to master session list
[35m[HTTP][39m [37m<-- POST /wd/hub/session [39m[32m200[39m [90m13684 ms - 1140[39m
[35m[HTTP][39m [90m[39m
[35m[HTTP][39m [37m-->[39m [37mGET[39m [37m/wd/hub/session/f1ba7e7a-600d-44ae-a88e-8caab6cf9bf9[39m
[35m[HTTP][39m [90m{}[39m
[35m[HTTP][39m [37m<-- GET /wd/hub/session/f1ba7e7a-600d-44ae-a88e-8caab6cf9bf9 [39m[32m200[39m [90m10 ms - 1094[39m
[35m[HTTP][39m [90m[39m
[35m[HTTP][39m [37m-->[39m [37mGET[39m [37m/wd/hub/session/f1ba7e7a-600d-44ae-a88e-8caab6cf9bf9[39m
[35m[HTTP][39m [90m{}[39m
[35m[HTTP][39m [37m<-- GET /wd/hub/session/f1ba7e7a-600d-44ae-a88e-8caab6cf9bf9 [39m[32m200[39m [90m9 ms - 1094[39m
[35m[HTTP][39m [90m[39m
[35m[HTTP][39m [37m-->[39m [37mGET[39m [37m/wd/hub/status[39m
[35m[HTTP][39m [90m{}[39m
[35m[HTTP][39m [37m<-- GET /wd/hub/status [39m[32m200[39m [90m1 ms - 68[39m
[35m[HTTP][39m [90m[39m
[35m[HTTP][39m [37m-->[39m [37mPOST[39m [37m/wd/hub/session/f1ba7e7a-600d-44ae-a88e-8caab6cf9bf9/timeouts[39m
[35m[HTTP][39m [90m{"implicit":60000}[39m
[35m[HTTP][39m [37m<-- POST /wd/hub/session/f1ba7e7a-600d-44ae-a88e-8caab6cf9bf9/timeouts [39m[32m200[39m [90m3 ms - 14[39m
[35m[HTTP][39m [90m[39m
[35m[HTTP][39m [37m-->[39m [37mGET[39m [37m/wd/hub/session/f1ba7e7a-600d-44ae-a88e-8caab6cf9bf9/screenshot[39m
[35m[HTTP][39m [90m{}[39m
[35m[HTTP][39m [37m<-- GET /wd/hub/session/f1ba7e7a-600d-44ae-a88e-8caab6cf9bf9/screenshot [39m[32m200[39m [90m655 ms - 112756[39m
[35m[HTTP][39m [90m[39m
[35m[HTTP][39m [37m-->[39m [37mGET[39m [37m/wd/hub/session/f1ba7e7a-600d-44ae-a88e-8caab6cf9bf9/window/rect[39m
[35m[HTTP][39m [90m{}[39m
[35m[HTTP][39m [37m<-- GET /wd/hub/session/f1ba7e7a-600d-44ae-a88e-8caab6cf9bf9/window/rect [39m[32m200[39m [90m24 ms - 50[39m
[35m[HTTP][39m [90m[39m
[35m[HTTP][39m [37m-->[39m [37mGET[39m [37m/wd/hub/session/f1ba7e7a-600d-44ae-a88e-8caab6cf9bf9/appium/device/system_bars[39m
[35m[HTTP][39m [90m{}[39m
[35m[HTTP][39m [37m<-- GET /wd/hub/session/f1ba7e7a-600d-44ae-a88e-8caab6cf9bf9/appium/device/system_bars [39m[32m200[39m [90m98 ms - 151[39m
[35m[HTTP][39m [90m[39m
[35m[HTTP][39m [37m-->[39m [37mPOST[39m [37m/wd/hub/session/f1ba7e7a-600d-44ae-a88e-8caab6cf9bf9/appium/device/activate_app[39m
[35m[HTTP][39m [90m{"bundleId":"com.solodroid.solomerce"}[39m
[35m[HTTP][39m [37m<-- POST /wd/hub/session/f1ba7e7a-600d-44ae-a88e-8caab6cf9bf9/appium/device/activate_app [39m[32m200[39m [90m697 ms - 14[39m
[35m[HTTP][39m [90m[39m
[[35m[BaseDriver][39m Shutting down because we waited 1800 seconds for a command
[35m[Appium][39m Closing session, cause was 'New Command Timeout of 1800 seconds expired. Try customizing the timeout using the 'newCommandTimeout' desired capability'
[35m[Appium][39m Removing session 'c0bcb4ee-a6c1-472a-92a0-93cb8e1ddf26' from our master session list
[35m[UiAutomator2][39m Did not get confirmation UiAutomator2 deleteSession worked; Error was: UnknownError: An unknown server-side error occurred while processing the command. Original error: 'DELETE /' cannot be proxied to UiAutomator2 server because the instrumentation process is not running (probably crashed). Check the server log and/or the logcat output for more details
[35m[UiAutomator2][39m Unable to remove system port forward: Error executing adbExec. Original error: 'Command 'C:\\Users\\095046\\.katalon\\tools\\android_sdk\\platform-tools\\adb.exe -P 5037 -s 192.168.229.101\:5555 forward --remove tcp\:8218' exited with code 1'; Command output: adb.exe: error: listener 'tcp:8218' not found
[35m[UiAutomator2][39m 
 - 22[39m
[35m[HTTP][39m [90m[39m
[35m[HTTP][39m [37m-->[39m [37mGET[39m [37m/wd/hub/session/f1ba7e7a-600d-44ae-a88e-8caab6cf9bf9/contexts[39m
[35m[HTTP][39m [90m{}[39m
[35m[HTTP][39m [37m<-- GET /wd/hub/session/f1ba7e7a-600d-44ae-a88e-8caab6cf9bf9/contexts [39m[32m200[39m [90m95 ms - 24[39m
[35m[HTTP][39m [90m[39m
[35m[HTTP][39m [37m-->[39m [37mPOST[39m [37m/wd/hub/session/f1ba7e7a-600d-44ae-a88e-8caab6cf9bf9/context[39m
[35m[HTTP][39m [90m{"name":"NATIVE_APP"}[39m
[35m[HTTP][39m [37m<-- POST /wd/hub/session/f1ba7e7a-600d-44ae-a88e-8caab6cf9bf9/context [39m[32m200[39m [90m3 ms - 14[39m
[35m[HTTP][39m [90m[39m
[35m[HTTP][39m [37m-->[39m [37mPOST[39m [37m/wd/hub/session/f1ba7e7a-600d-44ae-a88e-8caab6cf9bf9/appium/device/press_keycode[39m
[35m[HTTP][39m [90m{"keycode":4}[39m
[35m[HTTP][39m [37m<-- POST /wd/hub/session/f1ba7e7a-600d-44ae-a88e-8caab6cf9bf9/appium/device/press_keycode [39m[32m200[39m [90m42 ms - 14[39m
[35m[HTTP][39m [90m[39m
[35m[HTTP][39m [37m-->[39m [37mPOST[39m [37m/wd/hub/session/f1ba7e7a-600d-44ae-a88e-8caab6cf9bf9/context[39m
[35m[HTTP][39m [90m{"name":"NATIVE_APP"}[39m
[35m[HTTP][39m [37m<-- POST /wd/hub/session/f1ba7e7a-600d-44ae-a88e-8caab6cf9bf9/context [39m[32m200[39m [90m1 ms - 14[39m
[35m[HTTP][39m [90m[39m
[35m[HTTP][39m [37m-->[39m [37mGET[39m [37m/wd/hub/session/f1ba7e7a-600d-44ae-a88e-8caab6cf9bf9/source[39m
[35m[HTTP][39m [90m{}[39m
[35m[W3C (f1ba7e7a)][39m Driver proxy active, passing request on via HTTP proxy
[35m[WD Proxy][39m Replacing sessionId 4c6b9bec-e6dc-425c-8b80-461cc861f5f9 with f1ba7e7a-600d-44ae-a88e-8caab6cf9bf9
[35m[HTTP][39m [37m<-- GET /wd/hub/session/f1ba7e7a-600d-44ae-a88e-8caab6cf9bf9/source [39m[32m200[39m [90m194 ms - 30455[39m
[35m[HTTP][39m [90m[39m
[35m[HTTP][39m [37m-->[39m [37mGET[39m [37m/wd/hub/session/f1ba7e7a-600d-44ae-a88e-8caab6cf9bf9/screenshot[39m
[35m[HTTP][39m [90m{}[39m
[35m[HTTP][39m [37m<-- GET /wd/hub/session/f1ba7e7a-600d-44ae-a88e-8caab6cf9bf9/screenshot [39m[32m200[39m [90m1921 ms - 1188240[39m
[35m[HTTP][39m [90m[39m
[35m[HTTP][39m [37m-->[39m [37mPOST[39m [37m/wd/hub/session/f1ba7e7a-600d-44ae-a88e-8caab6cf9bf9/elements[39m
[35m[HTTP][39m [90m{"using":"xpath","value":"//*[@class = 'android.widget.TextView' and (@text = 'U17 USB Portable M3 HUmidifier Air Purifier LED Night Light 200ML' or . = 'U17 USB Portable M3 HUmidifier Air Purifier LED Night Light 200ML') and @resource-id = 'com.solodroid.solomerce:id/product_name']"}[39m
[35m[HTTP][39m [37m<-- POST /wd/hub/session/f1ba7e7a-600d-44ae-a88e-8caab6cf9bf9/elements [39m[32m200[39m [90m281 ms - 139[39m
[35m[HTTP][39m [90m[39m
[35m[HTTP][39m [37m-->[39m [37mGET[39m [37m/wd/hub/session/f1ba7e7a-600d-44ae-a88e-8caab6cf9bf9/window/rect[39m
[35m[HTTP][39m [90m{}[39m
[35m[HTTP][39m [37m<-- GET /wd/hub/session/f1ba7e7a-600d-44ae-a88e-8caab6cf9bf9/window/rect [39m[32m200[39m [90m12 ms - 50[39m
[35m[HTTP][39m [90m[39m
[35m[HTTP][39m [37m-->[39m [37mPOST[39m [37m/wd/hub/session/f1ba7e7a-600d-44ae-a88e-8caab6cf9bf9/elements[39m
[35m[HTTP][39m [90m{"using":"xpath","value":"//*[@class = 'android.widget.TextView' and (@text = 'U17 USB Portable M3 HUmidifier Air Purifier LED Night Light 200ML' or . = 'U17 USB Portable M3 HUmidifier Air Purifier LED Night Light 200ML') and @resource-id = 'com.solodroid.solomerce:id/product_name']"}[39m
[35m[HTTP][39m [37m<-- POST /wd/hub/session/f1ba7e7a-600d-44ae-a88e-8caab6cf9bf9/elements [39m[32m200[39m [90m89 ms - 139[39m
[35m[HTTP][39m [90m[39m
[35m[HTTP][39m [37m-->[39m [37mGET[39m [37m/wd/hub/session/f1ba7e7a-600d-44ae-a88e-8caab6cf9bf9/element/00000000-0000-0016-7fff-ffff00000082/location[39m
[35m[HTTP][39m [90m{}[39m
[35m[W3C (f1ba7e7a)][39m Driver proxy active, passing request on via HTTP proxy
[35m[WD Proxy][39m Replacing sessionId 4c6b9bec-e6dc-425c-8b80-461cc861f5f9 with f1ba7e7a-600d-44ae-a88e-8caab6cf9bf9
[35m[HTTP][39m [37m<-- GET /wd/hub/session/f1ba7e7a-600d-44ae-a88e-8caab6cf9bf9/element/00000000-0000-0016-7fff-ffff00000082/location [39m[32m200[39m [90m13 ms - 78[39m
[35m[HTTP][39m [90m[39m
[35m[HTTP][39m [37m-->[39m [37mPOST[39m [37m/wd/hub/session/f1ba7e7a-600d-44ae-a88e-8caab6cf9bf9/element/00000000-0000-0016-7fff-ffff00000082/click[39m
[35m[HTTP][39m [90m{"id":"00000000-0000-0016-7fff-ffff00000082"}[39m
[35m[HTTP][39m [37m<-- POST /wd/hub/session/f1ba7e7a-600d-44ae-a88e-8caab6cf9bf9/element/00000000-0000-0016-7fff-ffff00000082/click [39m[32m200[39m [90m19 ms - 14[39m
[35m[HTTP][39m [90m[39m
[35m[HTTP][39m [37m-->[39m [37mGET[39m [37m/wd/hub/session/f1ba7e7a-600d-44ae-a88e-8caab6cf9bf9/source[39m
[35m[HTTP][39m [90m{}[39m
[35m[W3C (f1ba7e7a)][39m Driver proxy active, passing request on via HTTP proxy
[35m[WD Proxy][39m Replacing sessionId 4c6b9bec-e6dc-425c-8b80-461cc861f5f9 with f1ba7e7a-600d-44ae-a88e-8caab6cf9bf9
[35m[HTTP][39m [37m<-- GET /wd/hub/session/f1ba7e7a-600d-44ae-a88e-8caab6cf9bf9/source [39m[32m200[39m [90m1754 ms - 6648[39m
[35m[HTTP][39m [90m[39m
[35m[HTTP][39m [37m-->[39m [37mGET[39m [37m/wd/hub/session/f1ba7e7a-600d-44ae-a88e-8caab6cf9bf9/screenshot[39m
[35m[HTTP][39m [90m{}[39m
[35m[HTTP][39m [37m<-- GET /wd/hub/session/f1ba7e7a-600d-44ae-a88e-8caab6cf9bf9/screenshot [39m[32m200[39m [90m1227 ms - 389910[39m
[35m[HTTP][39m [90m[39m
[35m[HTTP][39m [37m-->[39m [37mPOST[39m [37m/wd/hub/session/f1ba7e7a-600d-44ae-a88e-8caab6cf9bf9/elements[39m
[35m[HTTP][39m [90m{"using":"xpath","value":"//*[@class = 'android.widget.RelativeLayout' and @resource-id = 'com.solodroid.solomerce:id/main_content' and (@text = '' or . = '')]"}[39m
[35m[HTTP][39m [37m<-- POST /wd/hub/session/f1ba7e7a-600d-44ae-a88e-8caab6cf9bf9/elements [39m[32m200[39m [90m60055 ms - 12[39m
[35m[HTTP][39m [90m[39m
[35m[HTTP][39m [37m-->[39m [37mPOST[39m [37m/wd/hub/session/f1ba7e7a-600d-44ae-a88e-8caab6cf9bf9/elements[39m
[35m[HTTP][39m [90m{"using":"id","value":"com.solodroid.solomerce:id/main_content"}[39m
[35m[HTTP][39m [37m<-- POST /wd/hub/session/f1ba7e7a-600d-44ae-a88e-8caab6cf9bf9/elements [39m[32m200[39m [90m19 ms - 139[39m
[35m[HTTP][39m [90m[39m
[35m[HTTP][39m [37m-->[39m [37mGET[39m [37m/wd/hub/session/f1ba7e7a-600d-44ae-a88e-8caab6cf9bf9/window/rect[39m
[35m[HTTP][39m [90m{}[39m
[35m[HTTP][39m [37m<-- GET /wd/hub/session/f1ba7e7a-600d-44ae-a88e-8caab6cf9bf9/window/rect [39m[32m200[39m [90m9 ms - 50[39m
[35m[HTTP][39m [90m[39m
[35m[HTTP][39m [37m-->[39m [37mPOST[39m [37m/wd/hub/session/f1ba7e7a-600d-44ae-a88e-8caab6cf9bf9/elements[39m
[35m[HTTP][39m [90m{"using":"id","value":"com.solodroid.solomerce:id/main_content"}[39m
[35m[HTTP][39m [37m<-- POST /wd/hub/session/f1ba7e7a-600d-44ae-a88e-8caab6cf9bf9/elements [39m[32m200[39m [90m20 ms - 139[39m
[35m[HTTP][39m [90m[39m
[35m[HTTP][39m [37m-->[39m [37mGET[39m [37m/wd/hub/session/f1ba7e7a-600d-44ae-a88e-8caab6cf9bf9/element/00000000-0000-0018-7fff-ffff0000009c/location[39m
[35m[HTTP][39m [90m{}[39m
[35m[W3C (f1ba7e7a)][39m Driver proxy active, passing request on via HTTP proxy
[35m[WD Proxy][39m Replacing sessionId 4c6b9bec-e6dc-425c-8b80-461cc861f5f9 with f1ba7e7a-600d-44ae-a88e-8caab6cf9bf9
[35m[HTTP][39m [37m<-- GET /wd/hub/session/f1ba7e7a-600d-44ae-a88e-8caab6cf9bf9/element/00000000-0000-0018-7fff-ffff0000009c/location [39m[32m200[39m [90m12 ms - 75[39m
[35m[HTTP][39m [90m[39m
[35m[HTTP][39m [37m-->[39m [37mPOST[39m [37m/wd/hub/session/f1ba7e7a-600d-44ae-a88e-8caab6cf9bf9/element/00000000-0000-0018-7fff-ffff0000009c/click[39m
[35m[HTTP][39m [90m{"id":"00000000-0000-0018-7fff-ffff0000009c"}[39m
[35m[HTTP][39m [37m<-- POST /wd/hub/session/f1ba7e7a-600d-44ae-a88e-8caab6cf9bf9/element/00000000-0000-0018-7fff-ffff0000009c/click [39m[32m200[39m [90m17 ms - 14[39m
[35m[HTTP][39m [90m[39m
[35m[HTTP][39m [37m-->[39m [37mGET[39m [37m/wd/hub/session/f1ba7e7a-600d-44ae-a88e-8caab6cf9bf9/source[39m
[35m[HTTP][39m [90m{}[39m
[35m[W3C (f1ba7e7a)][39m Driver proxy active, passing request on via HTTP proxy
[35m[WD Proxy][39m Replacing sessionId 4c6b9bec-e6dc-425c-8b80-461cc861f5f9 with f1ba7e7a-600d-44ae-a88e-8caab6cf9bf9
[35m[HTTP][39m [37m<-- GET /wd/hub/session/f1ba7e7a-600d-44ae-a88e-8caab6cf9bf9/source [39m[32m200[39m [90m621 ms - 5165[39m
[35m[HTTP][39m [90m[39m
[35m[HTTP][39m [37m-->[39m [37mGET[39m [37m/wd/hub/session/f1ba7e7a-600d-44ae-a88e-8caab6cf9bf9/screenshot[39m
[35m[HTTP][39m [90m{}[39m
[35m[HTTP][39m [37m<-- GET /wd/hub/session/f1ba7e7a-600d-44ae-a88e-8caab6cf9bf9/screenshot [39m[32m200[39m [90m2615 ms - 1081634[39m
[35m[HTTP][39m [90m[39m
[35m[HTTP][39m [37m-->[39m [37mGET[39m [37m/wd/hub/session/f1ba7e7a-600d-44ae-a88e-8caab6cf9bf9/context[39m
[35m[HTTP][39m [90m{}[39m
[35m[HTTP][39m [37m<-- GET /wd/hub/session/f1ba7e7a-600d-44ae-a88e-8caab6cf9bf9/context [39m[32m200[39m [90m4 ms - 22[39m
[35m[HTTP][39m [90m[39m
[35m[HTTP][39m [37m-->[39m [37mGET[39m [37m/wd/hub/session/f1ba7e7a-600d-44ae-a88e-8caab6cf9bf9/contexts[39m
[35m[HTTP][39m [90m{}[39m
[35m[HTTP][39m [37m<-- GET /wd/hub/session/f1ba7e7a-600d-44ae-a88e-8caab6cf9bf9/contexts [39m[32m200[39m [90m455 ms - 58[39m
[35m[HTTP][39m [90m[39m
[35m[HTTP][39m [37m-->[39m [37mPOST[39m [37m/wd/hub/session/f1ba7e7a-600d-44ae-a88e-8caab6cf9bf9/context[39m
[35m[HTTP][39m [90m{"name":"NATIVE_APP"}[39m
[35m[HTTP][39m [37m<-- POST /wd/hub/session/f1ba7e7a-600d-44ae-a88e-8caab6cf9bf9/context [39m[32m200[39m [90m2 ms - 14[39m
[35m[HTTP][39m [90m[39m
[35m[HTTP][39m [37m-->[39m [37mPOST[39m [37m/wd/hub/session/f1ba7e7a-600d-44ae-a88e-8caab6cf9bf9/appium/device/press_keycode[39m
[35m[HTTP][39m [90m{"keycode":4}[39m
[35m[HTTP][39m [37m<-- POST /wd/hub/session/f1ba7e7a-600d-44ae-a88e-8caab6cf9bf9/appium/device/press_keycode [39m[32m200[39m [90m23 ms - 14[39m
[35m[HTTP][39m [90m[39m
[35m[HTTP][39m [37m-->[39m [37mPOST[39m [37m/wd/hub/session/f1ba7e7a-600d-44ae-a88e-8caab6cf9bf9/context[39m
[35m[HTTP][39m [90m{"name":"NATIVE_APP"}[39m
[35m[HTTP][39m [37m<-- POST /wd/hub/session/f1ba7e7a-600d-44ae-a88e-8caab6cf9bf9/context [39m[32m200[39m [90m3 ms - 14[39m
[35m[HTTP][39m [90m[39m
[35m[HTTP][39m [37m-->[39m [37mGET[39m [37m/wd/hub/session/f1ba7e7a-600d-44ae-a88e-8caab6cf9bf9/source[39m
[35m[HTTP][39m [90m{}[39m
[35m[W3C (f1ba7e7a)][39m Driver proxy active, passing request on via HTTP proxy
[35m[WD Proxy][39m Replacing sessionId 4c6b9bec-e6dc-425c-8b80-461cc861f5f9 with f1ba7e7a-600d-44ae-a88e-8caab6cf9bf9
[35m[HTTP][39m [37m<-- GET /wd/hub/session/f1ba7e7a-600d-44ae-a88e-8caab6cf9bf9/source [39m[32m200[39m [90m123 ms - 17325[39m
[35m[HTTP][39m [90m[39m
[35m[HTTP][39m [37m-->[39m [37mGET[39m [37m/wd/hub/session/f1ba7e7a-600d-44ae-a88e-8caab6cf9bf9/screenshot[39m
[35m[HTTP][39m [90m{}[39m
[35m[HTTP][39m [37m<-- GET /wd/hub/session/f1ba7e7a-600d-44ae-a88e-8caab6cf9bf9/screenshot [39m[32m200[39m [90m1411 ms - 766092[39m
[35m[HTTP][39m [90m[39m
[35m[HTTP][39m [37m-->[39m [37mPOST[39m [37m/wd/hub/session/f1ba7e7a-600d-44ae-a88e-8caab6cf9bf9/elements[39m
[35m[HTTP][39m [90m{"using":"xpath","value":"//*[@class = 'android.widget.TextView' and @resource-id = 'com.solodroid.solomerce:id/cart' and (@text = '' or . = '')]"}[39m
[35m[HTTP][39m [37m<-- POST /wd/hub/session/f1ba7e7a-600d-44ae-a88e-8caab6cf9bf9/elements [39m[32m200[39m [90m62 ms - 139[39m
[35m[HTTP][39m [90m[39m
[35m[HTTP][39m [37m-->[39m [37mGET[39m [37m/wd/hub/session/f1ba7e7a-600d-44ae-a88e-8caab6cf9bf9/window/rect[39m
[35m[HTTP][39m [90m{}[39m
[35m[HTTP][39m [37m<-- GET /wd/hub/session/f1ba7e7a-600d-44ae-a88e-8caab6cf9bf9/window/rect [39m[32m200[39m [90m13 ms - 50[39m
[35m[HTTP][39m [90m[39m
[35m[HTTP][39m [37m-->[39m [37mPOST[39m [37m/wd/hub/session/f1ba7e7a-600d-44ae-a88e-8caab6cf9bf9/elements[39m
[35m[HTTP][39m [90m{"using":"xpath","value":"//*[@class = 'android.widget.TextView' and @resource-id = 'com.solodroid.solomerce:id/cart' and (@text = '' or . = '')]"}[39m
[35m[HTTP][39m [37m<-- POST /wd/hub/session/f1ba7e7a-600d-44ae-a88e-8caab6cf9bf9/elements [39m[32m200[39m [90m55 ms - 139[39m
[35m[HTTP][39m [90m[39m
[35m[HTTP][39m [37m-->[39m [37mGET[39m [37m/wd/hub/session/f1ba7e7a-600d-44ae-a88e-8caab6cf9bf9/element/00000000-0000-0018-7fff-ffff00000090/location[39m
[35m[HTTP][39m [90m{}[39m
[35m[W3C (f1ba7e7a)][39m Driver proxy active, passing request on via HTTP proxy
[35m[WD Proxy][39m Replacing sessionId 4c6b9bec-e6dc-425c-8b80-461cc861f5f9 with f1ba7e7a-600d-44ae-a88e-8caab6cf9bf9
[35m[HTTP][39m [37m<-- GET /wd/hub/session/f1ba7e7a-600d-44ae-a88e-8caab6cf9bf9/element/00000000-0000-0018-7fff-ffff00000090/location [39m[32m200[39m [90m14 ms - 77[39m
[35m[HTTP][39m [90m[39m
[35m[HTTP][39m [37m-->[39m [37mPOST[39m [37m/wd/hub/session/f1ba7e7a-600d-44ae-a88e-8caab6cf9bf9/element/00000000-0000-0018-7fff-ffff00000090/click[39m
[35m[HTTP][39m [90m{"id":"00000000-0000-0018-7fff-ffff00000090"}[39m
[35m[HTTP][39m [37m<-- POST /wd/hub/session/f1ba7e7a-600d-44ae-a88e-8caab6cf9bf9/element/00000000-0000-0018-7fff-ffff00000090/click [39m[32m200[39m [90m19 ms - 14[39m
[35m[HTTP][39m [90m[39m
[35m[HTTP][39m [37m-->[39m [37mGET[39m [37m/wd/hub/session/f1ba7e7a-600d-44ae-a88e-8caab6cf9bf9/source[39m
[35m[HTTP][39m [90m{}[39m
[35m[W3C (f1ba7e7a)][39m Driver proxy active, passing request on via HTTP proxy
[35m[WD Proxy][39m Replacing sessionId 4c6b9bec-e6dc-425c-8b80-461cc861f5f9 with f1ba7e7a-600d-44ae-a88e-8caab6cf9bf9
[35m[HTTP][39m [37m<-- GET /wd/hub/session/f1ba7e7a-600d-44ae-a88e-8caab6cf9bf9/source [39m[32m200[39m [90m580 ms - 15663[39m
[35m[HTTP][39m [90m[39m
[35m[HTTP][39m [37m-->[39m [37mGET[39m [37m/wd/hub/session/f1ba7e7a-600d-44ae-a88e-8caab6cf9bf9/screenshot[39m
[35m[HTTP][39m [90m{}[39m
[35m[HTTP][39m [37m<-- GET /wd/hub/session/f1ba7e7a-600d-44ae-a88e-8caab6cf9bf9/screenshot [39m[32m200[39m [90m949 ms - 94368[39m
[35m[HTTP][39m [90m[39m
[35m[HTTP][39m [37m-->[39m [37mPOST[39m [37m/wd/hub/session/f1ba7e7a-600d-44ae-a88e-8caab6cf9bf9/elements[39m
[35m[HTTP][39m [90m{"using":"xpath","value":"//*[@class = 'android.widget.Button' and (@text = 'Checkout' or . = 'Checkout') and @resource-id = 'com.solodroid.solomerce:id/btn_checkout']"}[39m
[35m[HTTP][39m [37m<-- POST /wd/hub/session/f1ba7e7a-600d-44ae-a88e-8caab6cf9bf9/elements [39m[32m200[39m [90m50 ms - 139[39m
[35m[HTTP][39m [90m[39m
[35m[HTTP][39m [37m-->[39m [37mGET[39m [37m/wd/hub/session/f1ba7e7a-600d-44ae-a88e-8caab6cf9bf9/window/rect[39m
[35m[HTTP][39m [90m{}[39m
[35m[HTTP][39m [37m<-- GET /wd/hub/session/f1ba7e7a-600d-44ae-a88e-8caab6cf9bf9/window/rect [39m[32m200[39m [90m8 ms - 50[39m
[35m[HTTP][39m [90m[39m
[35m[HTTP][39m [37m-->[39m [37mPOST[39m [37m/wd/hub/session/f1ba7e7a-600d-44ae-a88e-8caab6cf9bf9/elements[39m
[35m[HTTP][39m [90m{"using":"xpath","value":"//*[@class = 'android.widget.Button' and (@text = 'Checkout' or . = 'Checkout') and @resource-id = 'com.solodroid.solomerce:id/btn_checkout']"}[39m
[35m[HTTP][39m [37m<-- POST /wd/hub/session/f1ba7e7a-600d-44ae-a88e-8caab6cf9bf9/elements [39m[32m200[39m [90m55 ms - 139[39m
[35m[HTTP][39m [90m[39m
[35m[HTTP][39m [37m-->[39m [37mGET[39m [37m/wd/hub/session/f1ba7e7a-600d-44ae-a88e-8caab6cf9bf9/element/00000000-0000-001a-7fff-ffff000000bc/location[39m
[35m[HTTP][39m [90m{}[39m
[35m[W3C (f1ba7e7a)][39m Driver proxy active, passing request on via HTTP proxy
[35m[WD Proxy][39m Replacing sessionId 4c6b9bec-e6dc-425c-8b80-461cc861f5f9 with f1ba7e7a-600d-44ae-a88e-8caab6cf9bf9
[35m[HTTP][39m [37m<-- GET /wd/hub/session/f1ba7e7a-600d-44ae-a88e-8caab6cf9bf9/element/00000000-0000-001a-7fff-ffff000000bc/location [39m[32m200[39m [90m14 ms - 79[39m
[35m[HTTP][39m [90m[39m
[35m[HTTP][39m [37m-->[39m [37mPOST[39m [37m/wd/hub/session/f1ba7e7a-600d-44ae-a88e-8caab6cf9bf9/element/00000000-0000-001a-7fff-ffff000000bc/click[39m
[35m[HTTP][39m [90m{"id":"00000000-0000-001a-7fff-ffff000000bc"}[39m
[35m[HTTP][39m [37m<-- POST /wd/hub/session/f1ba7e7a-600d-44ae-a88e-8caab6cf9bf9/element/00000000-0000-001a-7fff-ffff000000bc/click [39m[32m200[39m [90m22 ms - 14[39m
[35m[HTTP][39m [90m[39m
[35m[HTTP][39m [37m-->[39m [37mGET[39m [37m/wd/hub/session/f1ba7e7a-600d-44ae-a88e-8caab6cf9bf9/source[39m
[35m[HTTP][39m [90m{}[39m
[35m[W3C (f1ba7e7a)][39m Driver proxy active, passing request on via HTTP proxy
[35m[WD Proxy][39m Replacing sessionId 4c6b9bec-e6dc-425c-8b80-461cc861f5f9 with f1ba7e7a-600d-44ae-a88e-8caab6cf9bf9
[35m[HTTP][39m [37m<-- GET /wd/hub/session/f1ba7e7a-600d-44ae-a88e-8caab6cf9bf9/source [39m[32m200[39m [90m1288 ms - 15922[39m
[35m[HTTP][39m [90m[39m
[35m[HTTP][39m [37m-->[39m [37mGET[39m [37m/wd/hub/session/f1ba7e7a-600d-44ae-a88e-8caab6cf9bf9/screenshot[39m
[35m[HTTP][39m [90m{}[39m
[35m[HTTP][39m [37m<-- GET /wd/hub/session/f1ba7e7a-600d-44ae-a88e-8caab6cf9bf9/screenshot [39m[32m200[39m [90m773 ms - 168842[39m
[35m[HTTP][39m [90m[39m
[35m[HTTP][39m [37m-->[39m [37mPOST[39m [37m/wd/hub/session/f1ba7e7a-600d-44ae-a88e-8caab6cf9bf9/elements[39m
[35m[HTTP][39m [90m{"using":"xpath","value":"//*[@class = 'android.widget.Button' and (@text = 'PROCESS CHECKOUT' or . = 'PROCESS CHECKOUT') and @resource-id = 'com.solodroid.solomerce:id/btn_submit_order']"}[39m
[35m[HTTP][39m [37m<-- POST /wd/hub/session/f1ba7e7a-600d-44ae-a88e-8caab6cf9bf9/elements [39m[32m200[39m [90m51 ms - 139[39m
[35m[HTTP][39m [90m[39m
[35m[HTTP][39m [37m-->[39m [37mGET[39m [37m/wd/hub/session/f1ba7e7a-600d-44ae-a88e-8caab6cf9bf9/window/rect[39m
[35m[HTTP][39m [90m{}[39m
[35m[HTTP][39m [37m<-- GET /wd/hub/session/f1ba7e7a-600d-44ae-a88e-8caab6cf9bf9/window/rect [39m[32m200[39m [90m10 ms - 50[39m
[35m[HTTP][39m [90m[39m
[35m[HTTP][39m [37m-->[39m [37mPOST[39m [37m/wd/hub/session/f1ba7e7a-600d-44ae-a88e-8caab6cf9bf9/elements[39m
[35m[HTTP][39m [90m{"using":"xpath","value":"//*[@class = 'android.widget.Button' and (@text = 'PROCESS CHECKOUT' or . = 'PROCESS CHECKOUT') and @resource-id = 'com.solodroid.solomerce:id/btn_submit_order']"}[39m
[35m[HTTP][39m [37m<-- POST /wd/hub/session/f1ba7e7a-600d-44ae-a88e-8caab6cf9bf9/elements [39m[32m200[39m [90m68 ms - 139[39m
[35m[HTTP][39m [90m[39m
[35m[HTTP][39m [37m-->[39m [37mGET[39m [37m/wd/hub/session/f1ba7e7a-600d-44ae-a88e-8caab6cf9bf9/element/00000000-0000-001b-7fff-ffff000000e1/location[39m
[35m[HTTP][39m [90m{}[39m
[35m[W3C (f1ba7e7a)][39m Driver proxy active, passing request on via HTTP proxy
[35m[WD Proxy][39m Replacing sessionId 4c6b9bec-e6dc-425c-8b80-461cc861f5f9 with f1ba7e7a-600d-44ae-a88e-8caab6cf9bf9
[35m[HTTP][39m [37m<-- GET /wd/hub/session/f1ba7e7a-600d-44ae-a88e-8caab6cf9bf9/element/00000000-0000-001b-7fff-ffff000000e1/location [39m[32m200[39m [90m14 ms - 77[39m
[35m[HTTP][39m [90m[39m
[35m[HTTP][39m [37m-->[39m [37mPOST[39m [37m/wd/hub/session/f1ba7e7a-600d-44ae-a88e-8caab6cf9bf9/element/00000000-0000-001b-7fff-ffff000000e1/click[39m
[35m[HTTP][39m [90m{"id":"00000000-0000-001b-7fff-ffff000000e1"}[39m
[35m[HTTP][39m [37m<-- POST /wd/hub/session/f1ba7e7a-600d-44ae-a88e-8caab6cf9bf9/element/00000000-0000-001b-7fff-ffff000000e1/click [39m[32m200[39m [90m19 ms - 14[39m
[35m[HTTP][39m [90m[39m
[35m[HTTP][39m [37m-->[39m [37mGET[39m [37m/wd/hub/session/f1ba7e7a-600d-44ae-a88e-8caab6cf9bf9/source[39m
[35m[HTTP][39m [90m{}[39m
[35m[W3C (f1ba7e7a)][39m Driver proxy active, passing request on via HTTP proxy
[35m[WD Proxy][39m Replacing sessionId 4c6b9bec-e6dc-425c-8b80-461cc861f5f9 with f1ba7e7a-600d-44ae-a88e-8caab6cf9bf9
[35m[HTTP][39m [37m<-- GET /wd/hub/session/f1ba7e7a-600d-44ae-a88e-8caab6cf9bf9/source [39m[32m200[39m [90m612 ms - 6464[39m
[35m[HTTP][39m [90m[39m
[35m[HTTP][39m [37m-->[39m [37mGET[39m [37m/wd/hub/session/f1ba7e7a-600d-44ae-a88e-8caab6cf9bf9/screenshot[39m
[35m[HTTP][39m [90m{}[39m
[35m[HTTP][39m [37m<-- GET /wd/hub/session/f1ba7e7a-600d-44ae-a88e-8caab6cf9bf9/screenshot [39m[32m200[39m [90m865 ms - 174672[39m
[35m[HTTP][39m [90m[39m
[35m[HTTP][39m [37m-->[39m [37mPOST[39m [37m/wd/hub/session/f1ba7e7a-600d-44ae-a88e-8caab6cf9bf9/elements[39m
[35m[HTTP][39m [90m{"using":"xpath","value":"//*[@class = 'android.widget.Button' and (@text = 'Yes' or . = 'Yes') and @resource-id = 'android:id/button1']"}[39m
[35m[HTTP][39m [37m<-- POST /wd/hub/session/f1ba7e7a-600d-44ae-a88e-8caab6cf9bf9/elements [39m[32m200[39m [90m35 ms - 139[39m
[35m[HTTP][39m [90m[39m
[35m[HTTP][39m [37m-->[39m [37mGET[39m [37m/wd/hub/session/f1ba7e7a-600d-44ae-a88e-8caab6cf9bf9/window/rect[39m
[35m[HTTP][39m [90m{}[39m
[35m[HTTP][39m [37m<-- GET /wd/hub/session/f1ba7e7a-600d-44ae-a88e-8caab6cf9bf9/window/rect [39m[32m200[39m [90m11 ms - 50[39m
[35m[HTTP][39m [90m[39m
[35m[HTTP][39m [37m-->[39m [37mPOST[39m [37m/wd/hub/session/f1ba7e7a-600d-44ae-a88e-8caab6cf9bf9/elements[39m
[35m[HTTP][39m [90m{"using":"xpath","value":"//*[@class = 'android.widget.Button' and (@text = 'Yes' or . = 'Yes') and @resource-id = 'android:id/button1']"}[39m
[35m[HTTP][39m [37m<-- POST /wd/hub/session/f1ba7e7a-600d-44ae-a88e-8caab6cf9bf9/elements [39m[32m200[39m [90m37 ms - 139[39m
[35m[HTTP][39m [90m[39m
[35m[HTTP][39m [37m-->[39m [37mGET[39m [37m/wd/hub/session/f1ba7e7a-600d-44ae-a88e-8caab6cf9bf9/element/00000000-0000-001c-7fff-ffff00000112/location[39m
[35m[HTTP][39m [90m{}[39m
[35m[W3C (f1ba7e7a)][39m Driver proxy active, passing request on via HTTP proxy
[35m[WD Proxy][39m Replacing sessionId 4c6b9bec-e6dc-425c-8b80-461cc861f5f9 with f1ba7e7a-600d-44ae-a88e-8caab6cf9bf9
[35m[HTTP][39m [37m<-- GET /wd/hub/session/f1ba7e7a-600d-44ae-a88e-8caab6cf9bf9/element/00000000-0000-001c-7fff-ffff00000112/location [39m[32m200[39m [90m14 ms - 78[39m
[35m[HTTP][39m [90m[39m
[35m[HTTP][39m [37m-->[39m [37mPOST[39m [37m/wd/hub/session/f1ba7e7a-600d-44ae-a88e-8caab6cf9bf9/element/00000000-0000-001c-7fff-ffff00000112/click[39m
[35m[HTTP][39m [90m{"id":"00000000-0000-001c-7fff-ffff00000112"}[39m
[35m[HTTP][39m [37m<-- POST /wd/hub/session/f1ba7e7a-600d-44ae-a88e-8caab6cf9bf9/element/00000000-0000-001c-7fff-ffff00000112/click [39m[32m200[39m [90m23 ms - 14[39m
[35m[HTTP][39m [90m[39m
[35m[HTTP][39m [37m-->[39m [37mGET[39m [37m/wd/hub/session/f1ba7e7a-600d-44ae-a88e-8caab6cf9bf9/source[39m
[35m[HTTP][39m [90m{}[39m
[35m[W3C (f1ba7e7a)][39m Driver proxy active, passing request on via HTTP proxy
[35m[WD Proxy][39m Replacing sessionId 4c6b9bec-e6dc-425c-8b80-461cc861f5f9 with f1ba7e7a-600d-44ae-a88e-8caab6cf9bf9
[35m[HTTP][39m [37m<-- GET /wd/hub/session/f1ba7e7a-600d-44ae-a88e-8caab6cf9bf9/source [39m[32m200[39m [90m358 ms - 6058[39m
[35m[HTTP][39m [90m[39m
[35m[HTTP][39m [37m-->[39m [37mGET[39m [37m/wd/hub/session/f1ba7e7a-600d-44ae-a88e-8caab6cf9bf9/screenshot[39m
[35m[HTTP][39m [90m{}[39m
[35m[HTTP][39m [37m<-- GET /wd/hub/session/f1ba7e7a-600d-44ae-a88e-8caab6cf9bf9/screenshot [39m[32m200[39m [90m992 ms - 165936[39m
[35m[HTTP][39m [90m[39m
[35m[HTTP][39m [37m-->[39m [37mPOST[39m [37m/wd/hub/session/f1ba7e7a-600d-44ae-a88e-8caab6cf9bf9/elements[39m
[35m[HTTP][39m [90m{"using":"xpath","value":"//*[@class = 'android.widget.TextView' and (@text = 'Please wait' or . = 'Please wait') and @resource-id = 'android:id/alertTitle']"}[39m
[35m[HTTP][39m [37m<-- POST /wd/hub/session/f1ba7e7a-600d-44ae-a88e-8caab6cf9bf9/elements [39m[32m200[39m [90m60055 ms - 12[39m
[35m[HTTP][39m [90m[39m
[35m[HTTP][39m [37m-->[39m [37mPOST[39m [37m/wd/hub/session/f1ba7e7a-600d-44ae-a88e-8caab6cf9bf9/elements[39m
[35m[HTTP][39m [90m{"using":"id","value":"android:id/alertTitle"}[39m
[35m[HTTP][39m [37m<-- POST /wd/hub/session/f1ba7e7a-600d-44ae-a88e-8caab6cf9bf9/elements [39m[32m200[39m [90m60023 ms - 12[39m
[35m[HTTP][39m [90m[39m
[35m[HTTP][39m [37m-->[39m [37mPOST[39m [37m/wd/hub/session/f1ba7e7a-600d-44ae-a88e-8caab6cf9bf9/elements[39m
[35m[HTTP][39m [90m{"using":"-android uiautomator","value":"new UiSelector().className(\"android.widget.TextView\").text(\"Please wait\").resourceId(\"android:id/alertTitle\")"}[39m
[35m[HTTP][39m [37m<-- POST /wd/hub/session/f1ba7e7a-600d-44ae-a88e-8caab6cf9bf9/elements [39m[32m200[39m [90m60025 ms - 12[39m
[35m[HTTP][39m [90m[39m
[35m[HTTP][39m [37m-->[39m [37mGET[39m [37m/wd/hub/session/f1ba7e7a-600d-44ae-a88e-8caab6cf9bf9/window/rect[39m
[35m[HTTP][39m [90m{}[39m
[35m[HTTP][39m [37m<-- GET /wd/hub/session/f1ba7e7a-600d-44ae-a88e-8caab6cf9bf9/window/rect [39m[32m200[39m [90m9 ms - 50[39m
[35m[HTTP][39m [90m[39m
[35m[HTTP][39m [37m-->[39m [37mPOST[39m [37m/wd/hub/session/f1ba7e7a-600d-44ae-a88e-8caab6cf9bf9/elements[39m
[35m[HTTP][39m [90m{"using":"xpath","value":"//hierarchy/android.widget.FrameLayout[1]/android.widget.FrameLayout[1]/android.widget.FrameLayout[1]/android.widget.LinearLayout[1]/android.widget.LinearLayout[1]/android.widget.LinearLayout[1]/android.widget.TextView[1]"}[39m
[35m[HTTP][39m [37m<-- POST /wd/hub/session/f1ba7e7a-600d-44ae-a88e-8caab6cf9bf9/elements [39m[32m200[39m [90m60042 ms - 12[39m
[35m[HTTP][39m [90m[39m
[35m[HTTP][39m [37m-->[39m [37mDELETE[39m [37m/wd/hub/session/f1ba7e7a-600d-44ae-a88e-8caab6cf9bf9[39m
[35m[HTTP][39m [90m{}[39m
[35m[Appium][39m Removing session f1ba7e7a-600d-44ae-a88e-8caab6cf9bf9 from our master session list
[35m[HTTP][39m [37m<-- DELETE /wd/hub/session/f1ba7e7a-600d-44ae-a88e-8caab6cf9bf9 [39m[32m200[39m [90m893 ms - 14[39m
[35m[HTTP][39m [90m[39m
